<?xml version="1.0" encoding="UTF-8"?>
<!-- Generated by org.testng.reporters.JUnitReportReporter -->
<testsuite hostname="AZVDCNKCR0269-0" failures="0" tests="2" name="com.spree.Create_an_Address_also_Update_An_Address_Using_File" time="1.726" errors="0" timestamp="2023-08-29T20:15:52 UTC" skipped="0">
  <testcase classname="com.spree.Create_an_Address_also_Update_An_Address_Using_File" name="Create_Address" time="0.995"/>
  <testcase classname="com.spree.Create_an_Address_also_Update_An_Address_Using_File" name="Update_Address" time="0.731"/>
</testsuite> <!-- com.spree.Create_an_Address_also_Update_An_Address_Using_File -->
