<?xml version="1.0" encoding="UTF-8"?>
<!-- Generated by org.testng.reporters.JUnitReportReporter -->
<testsuite hostname="Minhs-Air.lan" failures="0" tests="1" name="com.spree.Create_Refresh_Token" time="1.277" errors="0" timestamp="2023-08-29T21:28:21 CDT" skipped="0">
  <testcase classname="com.spree.Create_Refresh_Token" name="oAuth_Token" time="1.277"/>
</testsuite> <!-- com.spree.Create_Refresh_Token -->
