<?xml version="1.0" encoding="UTF-8"?>
<!-- Generated by org.testng.reporters.JUnitReportReporter -->
<testsuite hostname="Minhs-Air.lan" failures="0" tests="4" name="com.spree.Create_Cart_AddItem_Associate_User" time="1.468" errors="0" timestamp="2023-08-29T23:41:34 CDT" skipped="0">
  <testcase classname="com.spree.Create_Cart_AddItem_Associate_User" name="createCart" time="0.314"/>
  <testcase classname="com.spree.Create_Cart_AddItem_Associate_User" name="addItemToCart" time="0.650"/>
  <testcase classname="com.spree.Create_Cart_AddItem_Associate_User" name="associateCartToUser" time="0.254"/>
  <testcase classname="com.spree.Create_Cart_AddItem_Associate_User" name="deleteCart" time="0.250"/>
</testsuite> <!-- com.spree.Create_Cart_AddItem_Associate_User -->
