<?xml version="1.0" encoding="UTF-8"?>
<!-- Generated by org.testng.reporters.JUnitReportReporter -->
<testsuite hostname="Minhs-Air.lan" failures="0" tests="1" name="com.spree.Delete_All_Addresses" time="2.779" errors="0" timestamp="2023-08-29T21:44:33 CDT" skipped="0">
  <testcase classname="com.spree.Delete_All_Addresses" name="f" time="2.779"/>
</testsuite> <!-- com.spree.Delete_All_Addresses -->
