<?xml version="1.0" encoding="UTF-8"?>
<!-- Generated by org.testng.reporters.JUnitReportReporter -->
<testsuite hostname="AZVDCNKCR0269-0" failures="0" tests="4" name="com.spree.Create_Cart_AddItem_Associate_User" time="3.766" errors="0" timestamp="2023-08-30T13:24:18 UTC" skipped="0">
  <testcase classname="com.spree.Create_Cart_AddItem_Associate_User" name="createCart" time="0.826"/>
  <testcase classname="com.spree.Create_Cart_AddItem_Associate_User" name="addItemToCart" time="1.290"/>
  <testcase classname="com.spree.Create_Cart_AddItem_Associate_User" name="associateCartToUser" time="0.800"/>
  <testcase classname="com.spree.Create_Cart_AddItem_Associate_User" name="deleteCart" time="0.850"/>
</testsuite> <!-- com.spree.Create_Cart_AddItem_Associate_User -->
