<?xml version="1.0" encoding="UTF-8"?>
<!-- Generated by org.testng.reporters.JUnitReportReporter -->
<testsuite hostname="Minhs-Air.lan" failures="0" tests="9" name="com.spree.Create_Bad_Addresses" time="2.493" errors="0" timestamp="2023-08-29T22:16:47 CDT" skipped="0">
  <testcase classname="com.spree.Create_Bad_Addresses" name="addSameAddressLable" time="0.637"/>
  <testcase classname="com.spree.Create_Bad_Addresses" name="addBadAddresses" time="0.210"/>
  <testcase classname="com.spree.Create_Bad_Addresses" name="addBadAddresses" time="0.259"/>
  <testcase classname="com.spree.Create_Bad_Addresses" name="addBadAddresses" time="0.262"/>
  <testcase classname="com.spree.Create_Bad_Addresses" name="addBadAddresses" time="0.222"/>
  <testcase classname="com.spree.Create_Bad_Addresses" name="addBadAddresses" time="0.215"/>
  <testcase classname="com.spree.Create_Bad_Addresses" name="addBadAddresses" time="0.242"/>
  <testcase classname="com.spree.Create_Bad_Addresses" name="addBadAddresses" time="0.223"/>
  <testcase classname="com.spree.Create_Bad_Addresses" name="addBadAddresses" time="0.223"/>
</testsuite> <!-- com.spree.Create_Bad_Addresses -->
