<?xml version="1.0" encoding="UTF-8"?>
<!-- Generated by org.testng.reporters.JUnitReportReporter -->
<testsuite hostname="AZVDCNKCR0269-0" failures="0" tests="1" name="com.spree.Create_Refresh_Token" time="2.550" errors="0" timestamp="2023-08-29T16:17:20 UTC" skipped="0">
  <testcase classname="com.spree.Create_Refresh_Token" name="oAuth_Token" time="2.550"/>
</testsuite> <!-- com.spree.Create_Refresh_Token -->
