<?xml version="1.0" encoding="UTF-8"?>
<!-- Generated by org.testng.reporters.JUnitReportReporter -->
<testsuite hostname="AZVDCNKCR0269-0" failures="0" tests="9" name="com.spree.Create_Bad_Addresses" time="8.413" errors="0" timestamp="2023-08-30T13:20:16 UTC" skipped="0">
  <testcase classname="com.spree.Create_Bad_Addresses" name="addSameAddressLable" time="1.966"/>
  <testcase classname="com.spree.Create_Bad_Addresses" name="addBadAddresses" time="0.777"/>
  <testcase classname="com.spree.Create_Bad_Addresses" name="addBadAddresses" time="0.760"/>
  <testcase classname="com.spree.Create_Bad_Addresses" name="addBadAddresses" time="0.799"/>
  <testcase classname="com.spree.Create_Bad_Addresses" name="addBadAddresses" time="0.876"/>
  <testcase classname="com.spree.Create_Bad_Addresses" name="addBadAddresses" time="0.805"/>
  <testcase classname="com.spree.Create_Bad_Addresses" name="addBadAddresses" time="0.837"/>
  <testcase classname="com.spree.Create_Bad_Addresses" name="addBadAddresses" time="0.771"/>
  <testcase classname="com.spree.Create_Bad_Addresses" name="addBadAddresses" time="0.822"/>
</testsuite> <!-- com.spree.Create_Bad_Addresses -->
