<?xml version="1.0" encoding="UTF-8"?>
<!-- Generated by org.testng.reporters.JUnitReportReporter -->
<testsuite hostname="AZVDCNKCR0269-0" failures="0" tests="1" name="com.spree.Retrieve_a_Country" time="1.962" errors="0" timestamp="2023-08-29T16:08:43 UTC" skipped="0">
  <testcase classname="com.spree.Retrieve_a_Country" name="GET_GetDefaultCountry" time="1.962"/>
</testsuite> <!-- com.spree.Retrieve_a_Country -->
