<?xml version="1.0" encoding="UTF-8"?>
<!-- Generated by org.testng.reporters.JUnitReportReporter -->
<testsuite hostname="AZVDCNKCR0269-0" failures="0" tests="2" name="com.spree.Create_Delete_An_Address" time="1.686" errors="0" timestamp="2023-08-29T20:09:53 UTC" skipped="0">
  <testcase classname="com.spree.Create_Delete_An_Address" name="createAddress" time="0.980"/>
  <testcase classname="com.spree.Create_Delete_An_Address" name="deleteAddress" time="0.706"/>
</testsuite> <!-- com.spree.Create_Delete_An_Address -->
