<?xml version="1.0" encoding="UTF-8"?>
<!-- Generated by org.testng.reporters.JUnitReportReporter -->
<testsuite hostname="Minhs-Air.lan" failures="0" tests="6" name="com.spree.Create_Multiple_Addresses_Using_TestData" time="2.017" errors="0" timestamp="2023-08-29T21:43:32 CDT" skipped="0">
  <testcase classname="com.spree.Create_Multiple_Addresses_Using_TestData" name="addAddress" time="0.304"/>
  <testcase classname="com.spree.Create_Multiple_Addresses_Using_TestData" name="addAddress" time="0.281"/>
  <testcase classname="com.spree.Create_Multiple_Addresses_Using_TestData" name="addAddress" time="0.412"/>
  <testcase classname="com.spree.Create_Multiple_Addresses_Using_TestData" name="addAddress" time="0.418"/>
  <testcase classname="com.spree.Create_Multiple_Addresses_Using_TestData" name="addAddress" time="0.273"/>
  <testcase classname="com.spree.Create_Multiple_Addresses_Using_TestData" name="countAddress" time="0.329"/>
</testsuite> <!-- com.spree.Create_Multiple_Addresses_Using_TestData -->
