<?xml version="1.0" encoding="UTF-8"?>
<!-- Generated by org.testng.reporters.JUnitReportReporter -->
<testsuite hostname="AZVDCNKCR0269-0" failures="0" tests="1" name="com.spree.Get_Default_Country" time="1.934" errors="0" timestamp="2023-08-29T15:59:50 UTC" skipped="0">
  <testcase classname="com.spree.Get_Default_Country" name="GET_GetDefaultCountry" time="1.934"/>
</testsuite> <!-- com.spree.Get_Default_Country -->
