<?xml version="1.0" encoding="UTF-8"?>
<!-- Generated by org.testng.reporters.JUnitReportReporter -->
<testsuite hostname="Minhs-Air.lan" failures="0" tests="1" name="com.spree.Delete_All_Addresses" time="1.246" errors="0" timestamp="2023-08-29T17:24:38 CDT" skipped="0">
  <testcase classname="com.spree.Delete_All_Addresses" name="deleteAllAddresses" time="1.246"/>
</testsuite> <!-- com.spree.Delete_All_Addresses -->
