<?xml version="1.0" encoding="UTF-8"?>
<!-- Generated by org.testng.reporters.JUnitReportReporter -->
<testsuite hostname="AZVDCNKCR0269-0" failures="0" tests="1" name="com.spree.Delete_All_Addresses" time="8.285" errors="0" timestamp="2023-08-30T13:12:55 UTC" skipped="0">
  <testcase classname="com.spree.Delete_All_Addresses" name="deleteAllAddress" time="8.285"/>
</testsuite> <!-- com.spree.Delete_All_Addresses -->
