<?xml version="1.0" encoding="UTF-8"?>
<!-- Generated by org.testng.reporters.JUnitReportReporter -->
<testsuite hostname="AZVDCNKCR0269-0" failures="0" tests="1" name="com.spree.Create_An_Address_Using_File" time="1.002" errors="0" timestamp="2023-08-29T20:10:40 UTC" skipped="0">
  <testcase classname="com.spree.Create_An_Address_Using_File" name="CreateAddress" time="1.002"/>
</testsuite> <!-- com.spree.Create_An_Address_Using_File -->
