<?xml version="1.0" encoding="UTF-8"?>
<!-- Generated by org.testng.reporters.JUnitReportReporter -->
<testsuite hostname="Minhs-Air.lan" failures="0" tests="6" name="com.spree.Create_Multiple_Addresses_Using_TestData" time="1.500" errors="0" timestamp="2023-08-29T17:24:28 CDT" skipped="0">
  <testcase classname="com.spree.Create_Multiple_Addresses_Using_TestData" name="addAddress" time="0.222"/>
  <testcase classname="com.spree.Create_Multiple_Addresses_Using_TestData" name="addAddress" time="0.242"/>
  <testcase classname="com.spree.Create_Multiple_Addresses_Using_TestData" name="addAddress" time="0.240"/>
  <testcase classname="com.spree.Create_Multiple_Addresses_Using_TestData" name="addAddress" time="0.217"/>
  <testcase classname="com.spree.Create_Multiple_Addresses_Using_TestData" name="addAddress" time="0.353"/>
  <testcase classname="com.spree.Create_Multiple_Addresses_Using_TestData" name="countAddress" time="0.226"/>
</testsuite> <!-- com.spree.Create_Multiple_Addresses_Using_TestData -->
