<?xml version="1.0" encoding="UTF-8"?>
<!-- Generated by org.testng.reporters.JUnitReportReporter -->
<testsuite hostname="AZVDCNKCR0269-0" failures="0" tests="6" name="com.spree.Create_Multiple_Addresses_Using_TestData" time="4.926" errors="0" timestamp="2023-08-30T13:16:15 UTC" skipped="0">
  <testcase classname="com.spree.Create_Multiple_Addresses_Using_TestData" name="addAddress" time="0.783"/>
  <testcase classname="com.spree.Create_Multiple_Addresses_Using_TestData" name="addAddress" time="0.803"/>
  <testcase classname="com.spree.Create_Multiple_Addresses_Using_TestData" name="addAddress" time="0.995"/>
  <testcase classname="com.spree.Create_Multiple_Addresses_Using_TestData" name="addAddress" time="0.769"/>
  <testcase classname="com.spree.Create_Multiple_Addresses_Using_TestData" name="addAddress" time="0.783"/>
  <testcase classname="com.spree.Create_Multiple_Addresses_Using_TestData" name="countAddress" time="0.793"/>
</testsuite> <!-- com.spree.Create_Multiple_Addresses_Using_TestData -->
